<?xml version="1.0" encoding="UTF-8"?>
<!-- Generated by org.testng.reporters.JUnitReportReporter -->
<testsuite hostname="IR-C02PW2DWG8WP" name="e2eTest.TitleTest_PASS" tests="1" failures="0" timestamp="16 Jan 2018 16:55:45 GMT" time="9.209" errors="0">
  <testcase name="This_title_Test" time="9.209" classname="e2eTest.TitleTest_PASS"/>
</testsuite> <!-- e2eTest.TitleTest_PASS -->
