<?xml version="1.0" encoding="UTF-8"?>
<!-- Generated by org.testng.reporters.JUnitReportReporter -->
<testsuite hostname="IR-C02PW2DWG8WP" name="e2eTest.PassTheTest" tests="1" failures="0" timestamp="16 Jan 2018 16:55:46 GMT" time="9.848" errors="0">
  <testcase name="PASS_The_Test" time="9.848" classname="e2eTest.PassTheTest"/>
</testsuite> <!-- e2eTest.PassTheTest -->
